0	6.000000	656/caf009b31fc25d69dea450dfb1422a536d87a6d20ec26c16785024cc.jpg
1	6.000000	988/acdaf156d38d75aea3238c1b96276df6579f07d908df10eba60e4648.PNG
2	6.000000	736/00d3d99944131387b127fcb856934123873efd17293b2cb58b4db855.jpg
3	6.000000	1001/1fd72d4461af9ac9d19009c41831d8e5daf22e7bc2bd8b170679adbe.jpg
4	3.000000	1266/57a6882dc58c30ab3ecc29f2f690b6d8dbb1454fde96a2dc8157f249.jpg
5	6.000000	891/e71c3d9ae6d539156404a610fc6499d69312f3c5f104b52c458a7873.jpg
6	6.000000	881/63039191b1f0acefd3bbeb8f22258332b523c4c02dfb5c86a02dbebf.jpg
7	0.000000	1263/7edb55fe67a105acb82e72cc859a4101b9719e4b1c201a34dbdbb504.jpg
8	0.000000	284/2cbf3ee6e9875d3f04191032260177bcb0759108c5f06b802588ade7.jpg
9	0.000000	1023/ef3df1e64e5bf8ff2b20112e5b4245af406f32b9100025edf83e5aba.jpg
10	0.000000	1338/8a236c9c14ff44d8d5788b2ddf66c74a30a8b0eb998556529bcfb8a9.jpg
11	1.000000	881/9d71374ba9b9fa46e2be134846be92cbd10a3cfe67977480f0b3b7b6.jpg
12	1.000000	232/7392e94a286a0bfb09e8202767ad00ca26cd072e4dcd39167ef74b1c.jpg
13	1.000000	873/48e0331a971a9e73cc107471bca22e10666a54cd05b1eb88085d3461.jpg
14	6.000000	666/54535d14ac94c261e5dc4b1a5933aaa9baa102bfed4fbb6dcc113a74.png
15	0.000000	1020/c6a1970a22d8e3a22d1c20675e1b17215b407cc1a747eb7fcbf546f6.png
16	1.000000	1303/76cfd278c4820b60432b9705e97d3de4a19f691bc770226ecbb2b9df.jpg
17	2.000000	364/564a2eec0dffc906c506d649f1423adb6000e7b82799f1c383c1eb45.jpg
18	7.000000	762/6dce9aa255dacf91e2abe0b649b8ee51563bafcb8e1f3ebf1b4f65bb.jpg
19	1.000000	829/ef101cb6945fa2c0cffdcc84c8bfea75c6711ca03bd9b0a5a67dae49.png
20	1.000000	912/d5d0b0227bc660019bdf7eee87fd3e8500051790a516ece5618d831d.jpg
21	3.000000	1041/8386fd1ec88ccaac05c345e5fc237ff0280f944c15b39d3e512dfb8a.jpg
22	1.000000	491/6da568913953521e2229dba0b832b1cdd3abaf729e1bed8045cbda57.jpeg
23	6.000000	988/1c41f34da2ee39648fc887bc64e44b9a33f779d7037821a61c51ac4e.jpg
24	0.000000	74/0898c3544e8a8b26573b0995144b88adbcf90273b810459b7a03d855.jpg
25	1.000000	774/3597069d3e4eacd858f5366cad703dc053fe5fc926fd46df2aabe84a.jpg
26	2.000000	888/306b0917e43d94429bcce830e205de0ddac2061fd0e3b537592dfb9d.jpg
27	6.000000	426/3ae1729b66254104ffb74d0866cecf08c943a651da99ccf8ea1b6a59.jpg
28	1.000000	1280/4becdef35153efbea31563304aa3a5d1756a2a1e2aed1233dae6d276.jpeg
29	0.000000	491/7cc0a150fa32321a0a8956f8ea99eb91a2479a6296bb48506a492f5a.jpeg
30	1.000000	912/b3eb314cceece6e3f28b0b80407338372122164cf5ce453ad45afea2.png
31	1.000000	900/3dbc42e05692096d856da1cf41c07e3af9e6b6136342f77863ee9fa5.jpg
32	2.000000	435/9af76e52cf7c4c1614e4ffca14a25c5e9de2932600adbb371c89225d.jpg
33	0.000000	240/2c19a8727149a2d969c27cbd02bb3ff740353926aaae625e25806d14.jpg
34	1.000000	912/f86d50d2a3e5820e5f9ab9449b5e70c7e4850d763c9c2009b8a23a09.jpg
35	2.000000	1214/2516edce34406972c690060b2150724d921933cceec0af9b9efb493d.jpg
36	2.000000	654/6277974a676fd428fb1a5ca2aed18f9116c86370eb8785095536b2cb.jpg
37	0.000000	1301/93539c945d9f94d45b5f6b62747e6963ac40458b0576c2ebebd74bd1.jpeg
38	1.000000	713/1bef704dd0b039871d25cd3ed7f5f3eb7d7a45caffed968b79a86783.jpg
39	1.000000	491/36888cc15afa59f4d4b9062991536b03bbee790bb9ac7a6fd5c0d940.jpg
40	2.000000	435/e57d1485ad1054682a4a4588b0bf0421e992176c705c57c016a319ff.jpg
41	1.000000	690/b229ef3093f5ca5553cd44c994b84e8b9140d8e01cb3e5e0bb04e649.jpg
42	6.000000	619/808d8060e74ec209ae113d4d46ce6d5e5284591b7520e7cdf7a4b3b7.jpg
43	1.000000	181/e63b2d9a14300888c5d9bccf039985919b2f2cfd8c171e8c4b46a18e.jpg
44	6.000000	665/3cd1aba9fdeb262ef021c8e40332581f1058200f7820674aa7cafa0c.jpg
45	1.000000	628/a8352ca1160ce75e37ac540c6bb7b00e55184f823dd3ff68a1031dd2.jpeg
46	2.000000	829/6b63eb55f8d8138050ac4e99eb7b8d6d01d5072e229af885a62f4849.jpg
47	1.000000	396/fa26c82cc2eb4e5bf5b9716e763d512c535f1471c8eb4a55cfe200a0.jpg
48	3.000000	747/4096d15f3cd847e6833e098c8b4f88dc9fff9c8be1b18265f8fc216c.JPG
49	1.000000	1240/27d8df2874ecc94ab69e619a93fc8b4447601f433f8417f97303f196.jpg
50	1.000000	907/07c3cb452545078c0d662db370861073fee87097895f589dd7116a46.jpg
51	4.000000	466/fe91092a06de7092cf0986823fa2c40f242fa030bb548ddd3cb11a76.jpg
52	0.000000	744/4d9f46786881ca6e43dd06338dcd6d64998f538b466010183bc1a190.jpg
53	1.000000	260/a05254fb505b42e1173b239117af49df41fa1115fbd061c7e40cd591.jpg
54	3.000000	766/b1d3d36b6c91417c551520f87db7aab2597bcd4664e7e0f926e2f62c.JPG
55	1.000000	973/bbc2f34ca0577a75facbe5040c10e9ab46f7a0bbb2c25493d687e85e.jpg
56	3.000000	966/3e623aa510be3bcaa75b5aa59daa06e9c1787530b81efff886d6c2e1.jpg
57	1.000000	992/70a2d673c0641e62b2134c631d4aefe3d353a9f53ccd0344a66d5f19.jpg
58	1.000000	82/8d1e1578c1c73cf94487bd0cc6cc9e19797d380a985afd3102e4f82c.jpg
59	1.000000	656/9e4a657922c6ac4c12c1cf6c12a406435945cd940628c65a6b80d8e1.jpg
60	1.000000	1012/ae554505d2e76ea3edebfb385c4b3955f35421ceadf33fb928e2574f.jpg
61	2.000000	435/4127485d9bfb17f039090b7056b4e77773e27d0c515ef00d5f9f0f69.jpg
62	1.000000	737/b48753b62e0b9b2deb95c78e0783b985eaca8afef6ff975310c9e6fc.jpg
63	6.000000	867/77f52d655278ab85c86c3f8e553506462e71283dac96b79c94a95903.jpg
64	0.000000	907/e8f3981423b194ad6ed86635fe628d1529509f06f91d830ba02ed0d0.jpg
65	0.000000	603/83dd4cafcc7f096b509e22f600925118d08ddc0ed253e4334e8288b5.jpg
66	0.000000	656/c85bbdf78c04fed3df75dce9e831e923495b814d0aa1ba5d4157a343.jpg
67	0.000000	995/52989c890f4e6a06288f628b34b5a37f33cec4a7c1182a0c4e89a751.jpg
68	2.000000	744/92ab5863c5542d587842fa49fb9fa49c5f9ba1e5ce95263e5f01b54f.jpeg
69	1.000000	747/0479780fcfdcce8b5220e537723635199d5136a351405e4d2168b504.jpg
70	1.000000	656/9e458a9f4de4e0395f07b324b59174f0d8fd49cf6615b4386d9e78c9.jpg
71	1.000000	1280/c5f8811cabb4f976b0a48e3fd44363c03994b2151bb170207ad56095.jpg
72	1.000000	737/a9264361f35b9fe379408efdb75a899fdc4acb23de43091a9f0cb8e7.png
73	2.000000	400/aa13864c73a06bf2a26fcfe10e2159dc5bfb8f0682da2ce1e320e27c.jpg
74	4.000000	1248/3a34c39daa70bf0a7bc6b2a380edc68d85541726f0e76b38ef745924.jpg
75	3.000000	995/8d34195687ecf56b360da3d26a2c73752331806cad672748df668822.jpg
76	1.000000	867/cd5c9efb2104e455052af45c6f7aff3723801c568812e03a7939f1c4.jpg
77	0.000000	867/581c8612179d41e4920b34eebabf6cbf7c9d380aaf6e7105789e9e39.jpg
78	1.000000	690/a83a900ba934da239918e7a19c067b835ea57acfef2b3e7c36048d70.jpg
79	2.000000	912/2d3190f6a4999ac595655e67f5394f5939544036de0f7b60c72f55d4.jpg
80	1.000000	309/49e09b922e7fcf4f465b5043593e6d6284237c6205766d7654548ffd.jpg
81	1.000000	1021/10eb2658679a55eb01a78da7541d57a50e7f55202ae23bae05d8aa36.jpg
82	3.000000	1012/5d966b6fd30aecf71d3d18e2976af49557049a70d01a56e95e7e0d46.jpg
83	1.000000	1326/3544883cfcc8a7f3ff03a4f24125504de6298daeb4eae7fa107598ce.jpg
84	1.000000	713/b902ccaa86209c1fb0a6016763707afdd93231a19142032a2d72e13e.JPG
85	0.000000	426/3689d076908fb797199277d8d07c12cf73ef505925f683ef68e15999.jpg
86	2.000000	480/85df937502fc461ba5014bbecd059c25f860f1ec84a810d8c4cf932f.jpg
87	7.000000	619/03f2be4528af8b10883429a8af127ff19f884d384faf1da693f26742.jpg
88	6.000000	705/b9c4f5f9e7bf3636d5abd6bd151da70699260730544e0c14e2c49a72.jpg
89	0.000000	1012/b17cbdf8f02f3d8c6da7d30e080a8c57fcf1961f05563965d8652bfc.jpg
90	1.000000	297/db927f23b113433baa835a0a87336589a6906699d95463d3ee1abde3.jpg
91	1.000000	396/67e33b9a204c4ec7f22712ba2815f626bc39c96558c413830e5b3f86.jpg
92	4.000000	509/bf1e9e68d9702dc104fa949d3f9d72460859159a4051059681f4cde7.jpg
93	1.000000	1208/62b043cc45e1e0c1a2f9c28eb78e9195940420aba3d762a4c65f25ea.jpg
94	1.000000	1015/a5bf4bb577c43f6902aa13062ec73c98a56ad01dc5dd92f177674196.jpg
95	0.000000	1021/f8cb0e93c614e1869af5df54b0c681bb1a85cb4f84f8183aa6260e13.jpg
96	0.000000	1331/aedab126391b8312c480408041591211ecc3e86de94b89487a3da032.jpg
97	4.000000	696/6a84aa0e819e7e0840a36a4acd128c83dab5017fb6a690a710ad1418.jpg
98	0.000000	480/6b7fa72a3f72355ce1343838eec73407025cc62d6d9e9f363810cfa6.png
99	0.000000	373/6ceb6cee72ac96927ac4352cc783b8d40e7fe06683ed2be07b0afea4.jpg
100	2.000000	500/b208e7ad21ab4c20f2277f96921a4648b8b47cc54203d1c1f77a187d.jpg
101	0.000000	1058/c9253bc6d2d266948810bf5b4028b5befe53ed1e14590df31109e52d.jpg
102	0.000000	590/995b4ab30a178a802fc439e738d3e70dfcdd9a0fc51cf0ef604afddd.jpg
103	1.000000	1240/a42bdb35665913da52f5c69f35697e2f0873ad2406f6fae0f5637dbe.jpg
104	1.000000	656/fc8085ee68c1a228ab97213e1fde433170eb0a77a11fe6aab2190a0f.jpg
105	6.000000	762/32d2906120f087b85a76b59e8c70f73528a4a72b7a5a6b965ea19021.jpg
106	0.000000	808/d549d049858c1876f397b5b288c49e6173f10f6ab1de9355a4f15805.jpg
107	1.000000	140/5052977ff6166414b1cae225d836b69866d9c935ce8d75639bc7ddf8.jpg
108	1.000000	979/ed7d1569969fdf9c634e6c1c3b35cafd2d06845936a1dd13b4912dcc.jpg
109	1.000000	1041/e00d9ac523f9b97d612244ef46b76bdddacf1636c792ab2138e9019c.jpg
110	1.000000	252/b450333f4329a0fe96e784b42964bd2cf88e97f615cc1d6793e4e737.jpg
111	1.000000	747/f4529f06b99acf391c044d5599e270c6907d59fb44c8a247af701db4.jpg
112	0.000000	361/594c0b5bd527fc3dcb55015707fe9b4f11d435e63f383db608b64946.jpg
113	1.000000	921/57314dbb5d6864005ad6a7b77ac9451c31317f4fc538cc95e26a4acd.jpg
114	0.000000	626/e3962a8008fb2644c3e8fce2f44b8146bee9fe4f93ecef64bac3215f.jpg
115	1.000000	466/6f1825f4acf66fc440fd1be7b114b506352ce4a38e21e4dd4298df1e.jpg
116	0.000000	1015/7acaa6615e82f28f921f86f7637c55db8fdc2e3ef10b9cf01e9e112b.jpg
117	0.000000	808/e731506837b50b6e4e302bcd657eb99622c6488434058d2f1add04b6.jpg
118	0.000000	988/c34c78ef2d7a98dea1b098e2b6780b55c141d5c1d2cef2418389dfce.png
119	1.000000	696/fbf347b71abd460e78baacc38ee70afe50dd6e3f0f504bbf0816f9b5.jpg
120	0.000000	1229/491bc129451cbabad3993cc950c2d29cd950b7de96461964a94706bf.jpg
121	0.000000	1058/240f3d9d5eedfcbe2d6739abd9de20704944662790e168c141f0111f.jpg
122	2.000000	1031/cb1db291565d17b991d12844de2c40f361cc99b4b3abdb7929a0a657.jpg
123	1.000000	839/8da687d5bbc825ea2150a309af5a8f346af5e73c3a6a64804d4402e0.jpg
124	0.000000	339/3ef0a923f5f0f91d91c45d36c26e800993803f81fcdeaa64274a6581.jpg
125	0.000000	352/e548d587d8501c14c2bfa125aa927bdfd137e29505dc4304aa4d8ccb.jpg
126	2.000000	353/f6340cd1c1a404a387258c9838971608c8d7bb2868228a8a2e0872de.png
127	1.000000	762/4ee1e6527a297dc14af36018da139e512bc16c291fb4381a91f50d0f.JPG
128	0.000000	1303/13295803cea05322e1b4d05a16c9983d99f4b91232f5e10f9f7dcae9.jpg
129	0.000000	461/8b0ebe4b098253b6a0d6dc32eb406687ea1e45cb214ae429345254af.jpg
130	1.000000	752/2e7e6ed4a9b98ef1e78bbf8e6f35338175b70ff728649a04b8725f6c.jpg
131	1.000000	988/5a296d3cbf0c37f17790cd6805d93537cd9e3c0a56b3d9724a41e782.jpg
132	0.000000	466/33f45a43d4b115b31b625477513a61892d2a33575d41bfd57d3e725b.jpg
133	0.000000	639/9f5b541db6e6db1153dde637ce9e2047829d286cd5aedf95a772470c.jpg
134	2.000000	1015/dc56c6c86562c0f7b5b6e77dbfbb1ec27b1cb3c98118fe63e200d883.png
135	1.000000	110/a00a2aba954d09c940231c57b164409747e9c3fcff4b96f73600b0db.jpg
136	4.000000	858/23b8ddf2fcee75e46d76d17d3e79b4985c0491486f22056fd8af072c.jpg
137	1.000000	747/a45fd73a23b54b3261475918a885737c2da1063059046f777e690412.jpg
138	0.000000	1316/bf514b23c6637e085364401dcda230160ca6c45e5c359f9619a1a1eb.jpg
139	6.000000	966/dcfe92968e61ab68e74092294ca93bcfe12fc90b4f2d873e7c7e837f.jpg
140	1.000000	1301/4e4a4d24ee6c3441b943b86468168589b79de44f26ea28c0fef5b6ed.jpg
141	1.000000	461/7d9f9782454b2f34979eaf31c6c69e925547acc1facfe57a025db96c.jpeg
142	0.000000	658/6a2025e978737dbcf1ee9262a5b5b96acf3f1143f33fd2fec65f403e.jpg
143	2.000000	491/da3995753d89bf1d59056ab8d63604d4e70eacac1dccbf6188f7cb49.jpg
144	4.000000	654/1aa37ad93e1f47ad46717debc9becfd34c89b889eeb9d2e0212eb806.jpeg
145	1.000000	1331/dc14c2f40aa5616164f369249e2adf9ce2f589a3ed56fc57cc407950.jpg
146	1.000000	762/1b5e63d3d271762a19a1146550e1a9227852407f2401f3765bd07610.JPG
147	0.000000	858/94c796e12f770c0a66eccae8441d9886db670fb82ea0c853d16e15e9.jpg
148	1.000000	973/51dc14ff9b649c980ead3f4b6f23f3b944e2e6719774771f7ea168a1.jpg
149	1.000000	628/113a4ea77e293c9f0905dd4a80c261a9566ba0eebaf2c7083bc978e1.jpg
150	5.000000	361/fcd01cbe04ab592a0574b6f7e7cca5ff34a28eaf4cd9a4a7c966eecb.jpg
151	1.000000	921/bcac3934ef11366bc65f4fdf88c8b3d65a21486504c4375a43845ada.jpg
152	6.000000	937/f3e5d9929cf8b999419e6e2c45d26dccfcbfe8c2bcbbce1a64a7b5c4.jpg
153	0.000000	1266/b79af569eb7ebfb1355d5b302725c319916af4a112c8c80ded5348ae.jpg
154	1.000000	921/fa402cdebd86c78662677adc1e4a83fe16000efb76d3fe7399527e4c.jpg
155	1.000000	511/666462e11c2243b8328555b2be297174608231ab94c4bbc9570cbc77.jpg
156	5.000000	903/d949b7cbe74c0c70fd101de421c41d5fa91a5ad600254b9700608eb6.JPG
157	0.000000	626/26fbb963bc9118881bbbf693c3157cb8b13ea3e8d222245c7cedea5d.jpg
158	1.000000	1008/70bee79b98865967720b5465af753c4cba81dce0babeb5b21a3179b6.jpg
159	1.000000	142/c5123960e6347c8c90ca2009f0bd5761bfdf4cf636b781a4e1ecc640.jpg
160	0.000000	967/d04881bad782ca7429ea0f9a3da8254d75a80b78215a40e102ea7ec3.jpg
161	2.000000	352/d048e9fa55cd9266faef56c44af86581b2063e90254113d7830c1d70.jpg
162	1.000000	1263/ee7f95b60599ff86860e3102f35d3b3fc6b36d222dd4ec7099e5dfb3.jpg
163	2.000000	912/b62821264039f43da588fcf4de5f3bd35ea44767cceb2328b710c564.jpg
164	1.000000	466/13b4556004b02e034c6baf4f262525507b6b1e047b934681d458c41b.jpg
165	4.000000	1198/f994c6eacfd3a20c8c91c06927994ef76cf3f699e95f1923164ec839.jpg
166	0.000000	979/7f39db244287711a15ece4b8b80d2695a67e37287aeed05af5b59761.jpg
167	1.000000	1021/8e925ef13c869a30edfaec16fd52109591b03c87c317875cb3c0f375.jpg
168	6.000000	666/c5b5d80f095b98be97799dd7ec9774c04e4b3ad4e624bfd0a5840a09.png
169	6.000000	509/276a6a3763cb878140e3fbee58dcd787746658005585570ef89022e4.jpg
170	6.000000	1223/8ea53d5c6ab7b88fa7eb252c72d694ddff67137be329ecb20b3972d4.jpg
171	1.000000	881/5e2a26c706b45c90c9070a0e0a37f2983dab3ca932b84c39afa31e0a.jpg
172	1.000000	71/34d39aedd4b3576bec27c76bbb860b6257eda85e0c1beca89293348a.jpg
173	1.000000	744/c73e999d838ec3b819fd45ff1363cf694ce43e18cf739b0a3d942b3c.jpg
174	1.000000	654/cd3aea10a52255ddcb6aed746b01fe4ce02ba7651083b2b3e43537f4.jpg
175	1.000000	400/3e403b72043658b4f7c427104352b23f5b40742ef1d8f9ea09820290.jpg
176	0.000000	713/d171516d696e350a74ec486e09187a2787efc1e71607487af5df0416.jpg
177	1.000000	895/2db0e869845550473ff536284244f177088d3950bf4ab14e35017cef.jpg
178	1.000000	895/9f99db4af2ed548c2b2ac820068a2b1f60b58764296a3badf7d073ef.jpg
179	0.000000	1228/128baa1f0dbdd219871e961321a34e489d3093dac667a06f92dda194.png
180	1.000000	1316/a2334f7cb2a7e2534c8e9cce77b3cd491d04452a8ba08c3df496bf2d.jpg
181	2.000000	480/9b6b7eabd07db610319894503532ce6b0b6d80d2a60680cbe01c3c15.png
182	0.000000	1303/aaed7cd11de2289d4f60aa700a439e98f32bcf7a960f0749adf04bf0.jpg
183	3.000000	518/8dfee6fe3e5d0805877644c853193f8d885e0c13e6a11d159c72af6c.jpg
184	1.000000	1214/50d5910ae0ea2ce2ec3eefcd7c4801bcf1667742dd6ffed996ec33c0.jpg
185	1.000000	903/e3b53f9a804d1a04f7b0b5a109ba1fff921931bd3321956515b4f971.jpg
186	1.000000	1211/75152b14a6a4b11a9d1d2b3bc3fdee228ef1b9316dd3f60ffd48d927.jpg
187	1.000000	674/ce12257d49ae8a834628a6719ea23d986ff4b7e3d956bd261015e8fd.jpg
188	0.000000	1240/efdb833ce9b0aa8e17d59e9a975691e0c0c7bddb53fae13c09530765.jpg
189	3.000000	857/904a558bd8ce53739869c73e55ba3eeb5eaa9327016cf64ada970008.jpg
190	0.000000	639/a987199ce8db0a7df9846371c03136f13c8d16d6712b02a7485111cc.jpg
191	1.000000	339/60b4d9dbb92e8ba8f75f8a8652ac0996af0fbac41fb2abe356d4cb3f.jpg
192	6.000000	461/08a4c834bac8913e3ab11a0d9d2b88fb4c27e9e3e965e5e039861b74.jpg
193	6.000000	1029/79b236b2bd9673a321f5a42baa1c3f985e1b7fcd30468d189a7dd7c7.JPG
194	1.000000	373/4e3b231f66ba875d0536f7b25b02fda5c9152139e4103e479663d5a4.jpg
195	0.000000	1025/27fdce53565c6e85e85dc12b97b214c4a1563a47d7b625143328e3d2.png
196	0.000000	230/ced5932447792cbc70c947892a5b1bef57182a965ffcdc1afd9ddfe2.jpg
197	6.000000	746/77783ac753add1c98a69e654c391586203e513f78e3d69ddbf352beb.jpg
198	1.000000	511/fe6091336f282bce0b956a647c784039965634052c5603c71f385ba4.jpg
199	1.000000	339/9a478c9130a6638d66e13658547baa216739e66e97d3a8af5f286317.jpg
200	0.000000	966/e895fe1e6570b61445279d9c05ab32c83e3933e7782d55ada1739d1b.jpg
201	0.000000	1316/33c83eb7cd476da5e32c4fff77a6c1a2a75c20f589eb38d1115545a9.jpg
202	7.000000	437/8575af94af8621b18aaf0cc1e9dbc4bb9b3ea2fcbd5f30ed786274c3.JPG
203	1.000000	353/639bd268b9a065875b0c731cd8867ed3ce6ad0f3de76ea7ca8fe778b.jpg
204	1.000000	518/5c1c9021e5e4e8279d2304035d297b03dbd0b41f0b3c9b289466f898.jpg
205	0.000000	839/53e69fae8a5c69131df170acf64fe335da15a75f5aad437a6a3e1868.jpg
206	1.000000	82/10c0c797e559d1784c3740e310776637f674f80247411cad667f446e.jpg
207	1.000000	1232/88b21c05914ca003e29013dd575cf41ae3a989dcca164420028cd540.jpg
208	0.000000	466/2af33478d35d47093f8f968f7925d72a0707b2d7a3af068162097115.png
209	1.000000	252/6f9f69f564afd2e4696fb6d0033ea8ed0f1e61922cecc81bbf0e677a.jpg
210	0.000000	500/5ba25820ee67d7452083bed439cfee28132c34c19cd451a5ffc6c013.jpg
211	6.000000	808/4fbf81c7d10e22fd2ceb908858fc3f7dbd5d757689be35ad64dcb2a9.jpg
212	0.000000	1199/5b6833620b84a1ce1e5c80849a04ebe11f64bf8352bc6f807a5f3a64.jpg
213	2.000000	737/977296bb8985251c23e289aa31f18427349d29918d3ca63ec4d8cf12.jpg
214	6.000000	873/6ee9ad8f59bf5a42cc5dfc73ef26b34de4587df33ae861b410e389e2.png
215	0.000000	1232/8f39760ce98c78bdef1c1832e2b9724845fe80c73c45e2a2ad1f074e.jpg
216	2.000000	353/4dcd2f66f04ab395694ebddd982d8e0953c8638751dfcd98fe93503b.jpg
217	0.000000	966/70368a26cfde641b2cd0f8d534b8e917e84c12e1f305ddbcd5c13201.jpg
218	0.000000	1303/ed49d6e950ce1b050a97ec87581f311013ef8c3a101581c0e373499e.png
219	2.000000	661/343183d7e44fb9acd01ddcbdca08c2820016fa67fb0ea8c5b72145ae.jpg
220	0.000000	140/851aa2b6e7e112c9ab2b11ccc449860404e23198e0f9554c50155c46.jpg
221	0.000000	1012/24c39640d4ff8cf62760a275109e4917c5ed42b40e7b88790c7392a2.jpg
222	1.000000	612/c9470c66adacf00cec139b65880e706eec274d774e25171161f0fb84.jpg
223	1.000000	1263/1839d73af1a5d332cb2522de8d40f46b62f3b6144225f4ab1eedb15d.jpg
224	3.000000	912/deaf963f4c6508243c255aba0e69f8c82d111feaae6f76868fd88185.jpg
225	0.000000	1203/05e35d23915cb7b071b808e1ca5f6ebd5d12cbf81d3657eecb25625a.jpg
226	3.000000	737/1b6339c652f7af10cdc5cdfe5545cc9740a75766b17d3552768cbf9a.jpg
227	1.000000	951/8a76429c172129c4c02b715ee4234fa9003682154a7cd969f761cb1d.jpg
228	0.000000	137/f1c4d95c60bb022bcb2c8f2f350f5c00fa4e310738bcb19d572bf204.JPG
229	3.000000	140/cc19786058b910e51d3172de3b8b1b0529caee2f827431c8cf9bcb47.jpg
230	1.000000	1001/37db139adb5b48a8d71afe4f7bfd13a16896e8ef61055569da87226f.jpg
231	1.000000	747/2318b3d1d9c8317cad7d9ec4374153c33cdeebf6424598c4d9bf2147.jpg
232	1.000000	736/55c1483ebd1b114e89625a17f86f8fa74c87a7e987f7ce58eede2257.jpg
233	0.000000	979/60ff2845ea48cb4c1e668d5b0e3466f11b2f114503f7c6c9901ff141.jpg
234	1.000000	373/dc8aa1e1230d6bda7b8171373230bab99f382c743d91348a8cbe2c0a.jpg
235	0.000000	713/1c9532924e2717e53475023aff4223c8fe6c0511afba4ef860c6281c.jpg
236	6.000000	1338/2e91e010f07d6535bb8fc9cb44163139429bf89d326473c44275c8eb.jpg
237	1.000000	278/cc7488690427e049007c1d618dccd990537e5507dd2704edbe92b007.png
238	0.000000	875/cea2fc953598cae9663ed69624bc8527001dffbc4331148487f38430.jpg
239	1.000000	973/f6e8667ea2836d1dca5130851cd7ddf53f37802ea9a1f8c988b17cdd.jpg
240	0.000000	654/c7b9c1d6fa3d1064b4eb645bd657fc5c74d45e6a9bb0aca93760d7f8.jpg
241	0.000000	736/bbfc821cc1279eafc2e3312e20e4958bf43465b33af7930e0906f1a8.jpg
242	0.000000	10/4447c690b12cf06ae751d3180b7b9c3b9aa02e6f2f897a082c5fc77b.jpg
243	1.000000	1338/aaa1eb86c4410a1cd4d3c7b1a1e39ae6bbe824497c1ef6e190a92f4f.jpg
244	3.000000	626/533295eab65a62cc4934ce4f3b5eb43e5d17b2d74b01eea89408ec7f.jpg
245	3.000000	654/dd6eb9cb9995419dcf20d5c3e4c7931f2d98c5790b1e1053a308fdd8.jpg
246	1.000000	264/a3d256e7c5134a6c11b128e7f3050b73de19f11383bb94fac669571b.jpg
247	0.000000	888/246fb607f0a68f50174f28c59c6656a17e7c5389c30d2b46da9cab34.png
248	1.000000	264/d893214dc92f0a85c08e8928c93248844ddea1c5c074d644dfad5d51.jpg
249	0.000000	868/3671ef8b9eb5f7fb780d4ca04f4b5ab456674c1eb732c1eda6600845.jpg
250	0.000000	400/5a79de82f7e0ae319e2463d847fc7453fb4f7991e4d604d3617a2605.jpg
251	1.000000	437/8f2a4d553687015905bc66d232c47bbe2228598ccd1c1bd9bd479b87.jpg
252	5.000000	912/640d12577072d783ba6770cc3116db6cb4df881379e383995ce98ca7.jpg
253	1.000000	1248/126e0a4fcd61f99c88d2c35321a9a7ae9fd59015515e088af56ef9aa.jpg
254	4.000000	888/2b6908b6a78d3914ee376f9bedb5bb42cbf22571a72597fd1c8a8a3c.jpg
255	0.000000	654/e63d6d3879e12549209b99a79e11779b889eb86c6d448f4f193fc0db.jpg
256	1.000000	1211/d44355e45985149f69e1d44588037d96153d13ff5f66cfc3bbdd8afb.jpg
257	2.000000	294/3c729e1183182fed66f53ca283764675583db2ac5c918bdcd3f41826.jpg
258	1.000000	1015/62e03171bb5dbee74cb114098a36c4c7b28b902f0c4d4894fab54dd8.jpg
259	2.000000	881/3326626fdec0cc3c1fd292999790fe53f867274869e0d3acc1b7a686.jpg
260	0.000000	1023/abf9de00f28c448a70c0c2e2826fd00164d7c964e93942cda0db429e.jpg
261	1.000000	147/b59c719b224a5d8f6b378e92d94ec5e575e1658a904b1c6c87cdb288.jpg
262	6.000000	1199/86ef940370bb89f3a008158b837878e9d875b82707e2ba3dafd0d2b5.jpg
263	2.000000	518/d9415dfc2b67d944e72e47fd1b03ee9c39dc67695d6546c35fa2d6b2.png
264	0.000000	1214/9f55b45bfa35599b02c5068dbe9efaed4f7c96259e157b70616b7135.jpg
265	3.000000	628/8d4361ee25bbfcebb7e8962b3a60ad560944098603514ec83730169f.jpg
266	0.000000	1012/2bb2dc3cbf6a8ff877b0f68bc5ba4165310bd41686b26148cff48f09.jpg
267	1.000000	1347/63517aed035a55b01d39081444204aa742278be6be9d47c2c6272c61.jpg
268	1.000000	1021/667026b59bc2758a518bdddba8ae363ce27eeadae2ace29bc0ef7e2f.jpg
269	2.000000	737/ee54adeef2f3e8a882a5a6b8eece3c8af7cf2af90e32d3a4acda3480.jpg
270	1.000000	491/6dedd75754303ec81ca31cda5518d5415ffd1c034baf6c9b83fd059c.jpg
271	1.000000	1015/6bc5c2889dbc2d8dc4abea5cd692328ee34f00ae77cf9a77e7861d08.jpg
272	0.000000	1058/28a0ef00debf9075c65f33ae3d6fb836c0a86a23cf9bdf648bd2a703.jpg
273	6.000000	1326/f679b84bfe3346a786008874a8896942ddf450646f014e28da135a6c.jpg
274	0.000000	823/cb55257a271a50db48f3b28eb85677e7d727cebc7ab9260cb01dee68.jpg
275	4.000000	426/9a49f8d9cbd4991514f21bc7496a5e897c49fc3b53b1ca63f0eaad57.jpg
276	6.000000	480/849171d191c991ed0a6988da1f3013414cd3cadcd5802129dcbe2f6e.jpg
277	2.000000	848/6d351b4808690200f06c9bb585fe00223cbbaa2c57b2a874ba1f6395.jpg
278	5.000000	888/2a0424d1439afb42572e6a92e81e3b60d7658611e8e25a07f6e7088a.jpg
279	1.000000	466/757e896268e8afc982135dc42e862b23840bd937e95f4cd0b804dfeb.jpg
280	0.000000	995/679e7f02f840d8ab92a97c74c1f96e6fb2b3377b4f89bd3e08d09a06.jpg
281	0.000000	956/1d1ab0d80e52b38b43d5660c4e281c318eb674e1f7e9deef3f9c70ef.jpg
282	1.000000	1266/94840fc1b56107fa0ddcfa026a73a542322055956dcb1ee4a46884a7.jpg
283	4.000000	905/44abbd3e45f0e45648b4518079e54851573063f7aea23f97eca08e53.jpg
284	1.000000	1225/3001fb89724274644d70323082c2b9e0423bd6086832af5a6bd3f301.jpg
285	6.000000	1051/9575156109de77245f44f99263935ad0a3c0110c9eebd9da90ccab43.jpg
286	0.000000	1338/6bd0b98d1172b3529d122eb67fad1a9a963ac7e2f5aa5adafb67c9f3.jpg
287	4.000000	747/d76f79151e7d4c1e0b2c556d24b4ac06bdff16486762c2f7855f7997.jpg
288	0.000000	1025/659faf8f809d40b65aeaf54c7f78fc241bbf3239b7e0599589b2b7f7.jpg
289	2.000000	488/e9735c5d158a49d182fd1370efe552c6dcdd38b7382b171f9fe3cce8.png
290	1.000000	435/e2751e23bb2987f7a14074e6c9957e6c337201a92d2ea1b7efe74295.jpg
291	0.000000	1214/0da93701872eee205c706cbf4133f0daf4a49ee9674b914081b6879a.jpg
292	1.000000	839/978cb5fa86fb0280c839f959e98f79be9d323314a991d8f0ac5056fd.jpg
293	1.000000	888/edf327c95f61d3163981edb8f7820aa9da1489ec0c2e3abca2a4784d.jpg
294	0.000000	1263/a5582ed0f681abc6500211671e71a3e8f8be8c87a899a8a58fe31699.jpg
295	6.000000	858/c1ef4e2ede78d566f0f5678789ff50027f0ca8111a7fd111727e25d8.jpg
296	1.000000	492/cf474a8de8da260d5cdf8a62777a1703ba41d3cfa35830512a298715.jpg
297	2.000000	373/9f2500e67a1f54ab23741745cd05b4d5f21b7a4bad226e6a4f9f4027.jpg
298	1.000000	956/c4308831a54d372e6d521fe1c1de34fcfad8e26a511c4656973feb71.jpg
299	4.000000	696/e3543e3077329a65a1f74c5defcfa98e40c1b989adeab3253c1aedc7.png
300	1.000000	973/f5400f1a12ab481c5710fbb87420e6d6c8561dd1be9a3b2299c95ac1.jpg
301	0.000000	1267/c903305ec2b702fc8eb6b2b155f7a8a38c577bb8b9b41533ad785878.jpg
302	7.000000	1214/c038019c89ee0e814b6818faf62c5e6844214e412957a7a8f12a309b.jpg
303	6.000000	1229/a0d26629826dba3fcc771899009a3c3ecf766b6386eada8cd48eba46.jpg
304	0.000000	1199/170faa7a2e7aac34d8fafc6bf6acf10b54bf4867f52879f07c100358.jpg
305	1.000000	1207/eae188665dffc515f6096e57b2b834ed2b62ea587953a247da59ea5a.jpg
306	1.000000	110/f0298c8d67eb753d6da9e42bcbf0b0b8b07ac33f953bfa136e7c100f.jpg
307	7.000000	1023/84d2a95bf6e0366e12d31d9e843b524ee93f06460bc38f0abfc0bc09.jpg
308	6.000000	1347/83a7b8f61c091973542ca8e11d0f7db62356e3327730316211ad4af1.jpg
309	1.000000	178/b015d4a8f855d79505c7df27e693a6425d4b10f065046d80b64ca6fe.jpg
310	1.000000	437/ef85dea350f7f0ae72b24539fdd0612f606852dfd77d1e9a3daf2943.png
311	1.000000	1248/29bfc74eeb332ada92f2783d13ea2e53220024686c122c05f4e1a4e3.jpg
312	3.000000	1274/16bd57990003a610e321a8cc34850506d528ad2074e5759b2c3deaf3.jpg
313	0.000000	967/d42639a4dfad6b6818aeaf5410ce77e80be19735a8826e633729e270.jpg
314	0.000000	230/8584b4e57378c766a28e84f2a010e1e1b2c4bebb977ac0a84349647b.jpg
315	2.000000	912/9f5eecdcdc5806ac74654ab3751c95003bf30f9a8581422502410a62.jpg
316	1.000000	1240/bf392fc2213221839fcf706614313a2bdb73d4373bdf470cdab61973.jpg
317	1.000000	921/9b63637189d44dac2b052508c4c67d05811b93a2d29e6c1ab188ddf0.jpg
318	1.000000	736/c268bb5a89ae6ea69470cda4a3435a3ce3834f28d434167233b75ea8.jpeg
319	3.000000	466/bdbca23afaf90f5fb876aa940c9f872aeacbd1123fc807a07c2405dc.jpg
320	6.000000	881/26bc3b378a219642876f4d1c71942ddf7576c297ed128db0dcb5bb99.jpg
321	0.000000	1298/a702f8d42aa9ce2535727986e6f6d084d1ea72af42554f1baefa31db.jpg
322	2.000000	973/c5f5e8de91d31c01d2aafc94f5eb945c44132084e8f5e7f5ca12b1aa.jpg
323	0.000000	713/15fecdcd8ed12b79832f2097dfe25d5e9d7be6b7039ce150e159017c.jpg
324	6.000000	437/5ca35c763691274477388e29911852c456b2ac56a8e68a1cec94928d.jpg
325	1.000000	71/4dde54d8ce0918ac1276f43c3a40ac236e74967d6c87a32dc266f579.png
326	1.000000	64/18cba610dcff01b4cc8802c8f170873f4400c87021cb77b88c0426d7.jpg
327	1.000000	747/d69eb200e652cf881cedfb163ba6d355081767f6d8c4f773081c64e8.jpg
328	2.000000	1012/72bc71a0906f7418de49502b91b7a4daec8e038cef35d52f0b690c37.jpg
329	6.000000	858/02a3ffe7842a4bbbce6f428a3ce339cf06a2c058af741e25a751fc93.jpg
330	1.000000	973/1784e047f30b3ea2a31dd9db1f3f35b9f7d51a069647e8ba96ac5d24.jpg
331	6.000000	674/76f8929890bc13614b00890a1ba0a33360b20e5313f0566f07d903e8.jpg
332	0.000000	674/bcbf8ee209050ace5de14dcd26da9dc42323300e37a8d32c10bcb8df.jpg
333	1.000000	403/e282f1e75faef5bcc3e6563463e8e1c5b742825ec34d88308debae6f.jpg
334	4.000000	716/76e919849b95694e5e4d7128b3ad935a199f37e9815abf4d3ec2a7e2.jpg
335	1.000000	1326/51edbb79611b6ef1ac1c0c6c6f2c29e750b3b8fd4fe2544749fab282.jpg
336	1.000000	364/cc8487210eab3426116d21962ad3c0f80897c990362de9a3da52238d.jpg
337	1.000000	736/0e0bd0e7223085d1a1a2da3ddda2f116255d8902867487bf5aff4c9a.JPG
338	1.000000	373/a77dd9d8667b5d0849c749ab48819c48d1cf9dd4ca7208117426ad2e.JPG
339	1.000000	330/23637e9f2df13d3ee69adf1ec58ca13689497b776ef3bbed4fbb9f98.jpg
340	2.000000	330/f30469bbabc0e09cd4bb39fe2c82467e9aa99c1c6a87df5779bbb6bc.jpg
341	4.000000	500/024fe25c66b87d84a4d21db03f60391d0bb4715cdb011bcac572fc20.jpg
342	7.000000	951/c2d5de7fe0b319a32fab2b30374d9817094bbd6b65d7ee01624b5e74.jpg
343	0.000000	810/d61f40e25ba8a98f2c19a6fec8bcc2dbdac2fac79b309e3fc1c77c07.jpg
344	1.000000	973/baad80172e67f6e2a8b84664eb83b0cc0bfd52cf206c23611f6aeb47.jpg
345	1.000000	1058/96263c44c5a743c695577337319ede928459adc189526dd7dbe2ab2c.jpg
346	1.000000	951/f0defb88c3c2395957c35ae62bd5b27a73afddfa64b27a7c79acb045.jpg
347	1.000000	294/6a91c8710607f3914aa18078e14ff6db96684598eaae7d063c548ebf.jpg
348	1.000000	437/2ab69738640794aa655354d853a06ffe84151ac226a3d2fdcb913a5d.jpg
349	1.000000	1347/ab64618c3cff599b09a867fa0ccc5afcc8a8ae1d136d114db2f65aa5.jpg
350	0.000000	654/c023f800cf2459e941739b78ee576daff45f867459bc2b90b8531061.jpg
351	1.000000	722/e899894cbcba4a1d1922b76a0a7a1f6ea20e2253a72262920a041030.jpg
352	0.000000	1342/50a4097378d63e7be0b85ee7134cc403529480798831af185031d2f9.jpg
353	0.000000	181/2b962d200a99476bf954b761edf22e0bc16e07f109a0ee654f158a89.jpg
354	1.000000	364/f9fdf27a475b637739e6df81b181188d8424256c3da15d2b5e04fae8.png
355	0.000000	461/2d7afbac50b04d16e8708b8e94b552e5667d28b7377c70c37045dab6.jpg
356	1.000000	747/8a450222052f18e1c60ccccf453481c1efbaf89aa1de7f779b305b85.jpg
357	0.000000	302/4571c881ffbab48743c059eba73ab0e49beee1d8ab5d39aa3cbba77b.jpg
358	3.000000	875/73c98d37c7f1b896ab41f9c3360561bf5441f3e9020abc3a766271ed.jpg
359	0.000000	905/d1146058803963dfdfecc5859bbf7c4449b208af6973ef1e7b1d8878.JPG
360	2.000000	656/df78b92d9bfd3b5006b4940136906efc5b4dc4301e857efe6814c838.jpg
361	1.000000	746/ce1f75489c138152e2aedb5b79812dd34f83ffa0282a0c397e057a24.jpg
362	1.000000	716/5f392a630b044ff1e9a0389478abf33c8d61c50517332ce684902437.jpg
363	1.000000	178/cbfefee01d3ae04d9fead0b471eb474126ed13c2947f78612419670f.jpg
364	1.000000	1211/e673271685be799ac7718d4cd4e1f5290141f75ff319a6ed656a3ef2.jpg
365	0.000000	956/2a997a0c35cb86b92def00ef25c00240a1c85d441e3350ecfdc59753.jpg
366	0.000000	733/666feddc3f9be1e545742dd1cc1069d2bcda20ff6017f3900deafec7.jpg
367	3.000000	373/10fec44d7ef86a96852db910d227c3ab9f90cabfc3fb22f9811a7d77.jpg
368	1.000000	1031/f2ceeeacf4f9cb9d6f053449ba0d2b21dd4a31604e252f51c8708a47.jpg
369	1.000000	979/c08dcbbb3da03760f796199371951ca5a2d9a0cd4d0e47955f0065d7.jpg
370	1.000000	973/f5d935026f1d4d6fcf348c69f7669fbf138cf8f13d62cdf634202457.jpg
371	1.000000	168/99c1cb8b45b16705a48015a0452ffb556e284e5d32a3f1d6e89137e1.jpg
372	0.000000	1012/c0d6275d54e87ff17724b1cbde02d0323fb26d5512d64f3cb2b53695.jpg
373	6.000000	168/e23e0151ddc2b4ebcdd70ca617b13433ee312bfafad69a10c821b637.jpg
374	5.000000	658/6a0a78bf8599f65161ef2193bfd4792e57f91f5c6cae80376a742c9e.jpg
375	1.000000	226/6d8ec0762ecddf3720025f2be61a6b23218fc309a62667a48dd86af2.jpg
376	0.000000	823/58fc4cd396471c942e6a5b2c6f1c72d3219fb689ffdc17a522dbb927.JPG
377	1.000000	453/48952c2f076e1e1793075c427fd60382d4cace4d755ccf35fb32cb27.jpg
378	1.000000	903/f46c8e6151be5cb62b7f0cef9c62f4ceb64e5dda5e38207344d29184.jpg
379	6.000000	973/3e0a76c5bcf6a288b52c0297d80ca21583b4e4d6314c67d9d9af18c7.jpg
380	1.000000	848/d43572376ea1ebe4eec8ffa531211524100889da721c125e9edc6835.jpg
381	4.000000	1020/80145ed0d64b0194044e028537d26b7677b72bf1942aa03d3db40f14.jpg
382	1.000000	1001/a7d7e25fadba08d7101d771efcee3572a1c4b47acf31b29950add433.jpg
383	1.000000	1021/6ccd8602aecfb7d152f3e9b3ad6643b4902562bb41d851e2d6579aaf.png
384	1.000000	500/855e08361d8b925331e6bbf8819fb264f43410bfa579e7c024c12740.jpg
385	0.000000	1214/c51bd47e883eda83892f961ed86f0be281303ea5a2616f43c45a1832.jpg
386	1.000000	995/3c966c9c3ac677f3f0d77eeaa7ce54ddbbe4f02a1535002b073fdf5a.jpg
387	1.000000	339/b661fca804bc2d9e8e923f299a4a94783266950193841723ae115981.jpg
388	1.000000	903/dd0039fc08b55b9c425ada340b0808985606c968b39eedeb6b2f0711.jpg
389	0.000000	480/e1998c2a7f4cf807c59313bf70c691a57862e777d2fbfe6f3362680a.jpg
390	3.000000	1208/a5f5cb4bc6feb942a4a8b5d44f4f3afacd730d34d99f9c4b876e38f5.jpg
391	1.000000	690/2cd99a8306041264d8ca2299d54f844ae010e3bf5ce420ba4c11c515.jpg
392	2.000000	1029/7c93e576b105e847afd4b1996fd91346fd3c49cd342ebb4667344289.jpg
393	0.000000	309/ce58a222afe3b19a79f4aa50a3f450241b2c2ac76f186250498e60f1.png
394	1.000000	753/8c769de093136246d4c8914fd187a27d4074cb2cdb6b8d22f34f3811.jpg
395	6.000000	690/7011cba5865ec972407c63ee36157c2e293f5d3dfd9c134930b1eb51.jpg
396	2.000000	747/967c466e0293c2f13d4b81d144cd7d8a3b327e9de15128ffd1a5e2cf.jpg
397	1.000000	1031/ca4af0b1b47a058e26b3d3ae044907cae28dc104fc58617914aaa4cb.jpg
398	2.000000	1051/eb45bccd92f89bf854868227c5b213533f15a7e38263ad6b6d719024.jpg
399	1.000000	480/20e6c94d9447b99aef3399aea8d247444a2422cb650a9e836ce035f3.jpg
400	6.000000	1025/c9873e44647b22d7b2ab21e53c766194d9c2f497b16b1557b0d1adcf.jpg
401	1.000000	753/a4587710e522f3deb528f732b4ab76905591d06757c06e787f4f2c3d.jpg
402	1.000000	654/b848c1cda0ce22bc7e3c25411f47eaf7f17a5e4846dcc715cc74a1f7.jpg
403	0.000000	14/a222cf5bf51eeb321e86de181d483b89c6858cf1d1f8bab6f823f2e2.jpg
404	0.000000	1331/bae9a6c07b195f9c28da5efc0eb46857e7005671dfbbc6ed459acbb5.jpg
405	1.000000	426/38aee5760129ed88061d53585dbfa208cc015d2d84a934ad3596053a.jpg
406	1.000000	921/bef6f99eb780503fc52ce33a30d73d07af004636b40cde4e75920830.jpg
407	0.000000	921/6aaf2940cd01b4834e309ededb415e5c1757ce9fd39a4a19f3487048.jpg
408	1.000000	744/59cd853b39cb7141dc1d7894d0f056d98b4eb284949ed181df64b0da.jpg
409	0.000000	309/f39ae204d4206c71b8b538b9262d3cc8d24983acd614e1d704ccbec5.JPG
410	1.000000	1015/0d64c7f341c8be8b17952bf0e3c71870e09b4e900793065ac7024f48.jpg
411	1.000000	403/373ca3511008834cbb1134a173cbc4b8a1ff0c4afbf42457fc98ab4d.jpg
412	0.000000	875/7dd6dc4acf9cd38d0daa066c48b5c079cfb9381e05ceaefca0dba8ab.jpeg
413	1.000000	297/f318875c093f69366508e17080d0335f4eee98bb9a917c8f6bbaeec9.bmp
414	3.000000	491/8f6d428f30e44e80236e983870b20d08c1885883ff58a0ec098cc28e.jpg
415	1.000000	1229/24684dc432d6019a255f5a156fb54d07a06fafdcb88706c07b37b841.jpg
416	6.000000	905/a25774d81b19bb70c171526424cce120420c7549304c94b9616a4fc5.jpg
417	6.000000	1001/9d38aa48a6181f5236917f27a9449086782ff82a6ceeef8e5191e66b.jpg
418	1.000000	330/1be91bc5cdb5d4f1c4b3476849699d04539bf81b5e879af4de99bdec.jpg
419	1.000000	696/716eba6c7140c46780fa6d675f528f4ae63008042a2de1ce762c3529.jpg
420	1.000000	400/f239c389ff46974b04e41db39ad825f425de43e9041e119e147dfbc7.jpeg
421	3.000000	951/2884fed02f54b5450db8b312ef3964ad7be03f0d8ea84d122d8b629c.jpg
422	1.000000	1229/d395a8c53497dcb364b8c76c9a59c53dd19270b3f3db46b056a7e625.jpg
423	0.000000	1001/07409f21d23dfc6c5aa25af618cc81887dd969b8e8dea0a612586365.jpg
424	0.000000	1058/ade4222b0c7764738b69cecc4580924907170347caaada61741caae2.jpg
425	1.000000	373/f6d82b96b3afe563fd22d0a170317fec2391df566f335a0cc19f0038.jpg
426	0.000000	808/9f556c0ce22f2289b9a2ade79d0abec83a357b57f748ad58f05b6ab0.jpg
427	1.000000	361/129207b681dfa30e34c06fe904b9015f43a5cce839b77e7c9fe395e9.jpg
428	1.000000	868/15cdce862df11b3bb09319583e96e5fe0de7424d692f1800acc050cc.jpg
429	1.000000	888/356baab7c6969bd284b7f6bb16c9f97e0330e78102afc46e2d236302.JPG
430	0.000000	518/efec0869a548660a903fd7c87dbebf5fc9f47364f883b8f1b3f356b1.jpg
431	1.000000	905/a58eecb6419c61c4f348fa7b0d18ac7cd476838fbd6c907314a0f0c9.jpg
432	0.000000	895/86e708160e719dc10870b0135d2dc85b582786bd8460569867f40112.jpg
433	0.000000	1214/d5a1e72fda46e8ce2d607c0ecd8061347c7e469846fa552f35124766.jpg
434	1.000000	453/02294984a568b24f81ee588c2e884820984448e33a33e21d2f4f64c0.jpg
435	1.000000	264/0d0ee712ba364ee6e726b9ced8f38ed0696ed46bf3e433bc7404c872.jpg
436	2.000000	1012/9e9450c40e642bb1616a70b934ea36995291766d41a4d5308713d87d.jpg
437	0.000000	762/a7b275d7927e830ac6f9e370ec9492398d1b8930d258ece16acc0c52.jpg
438	1.000000	1301/8b98cc754ba744b80f23cc0b4c2d3dd3a3f075349b50147cc99dd3c3.jpg
439	0.000000	746/bf17e479e959de889b4a95e3a52275e8642408e2a03255868f40ec9b.png
440	1.000000	829/6b62094b3e9704ae36a7d9648f7c1ce1cdb1486510d7dd3adc225ac5.png
441	0.000000	1203/7d531bd286728673206a5a8fe89ff54100c02d693b4dd7efc0183231.jpg
442	1.000000	511/df1be6b6adced7bed88e1df6dcfafd22f25f614eb85e21d86bdd30fe.jpg
443	6.000000	1248/503716e85d463a309e8ec17f728b7991e15fc1c905b4fd8e7ca4266f.jpg
444	1.000000	654/df84843ed0586ef263d1940c0b3e632fe5e500b661d18b6e4bec28cf.jpg
445	0.000000	140/a2c9bf324aca642b2cd6bdb70d56f16b7f995f10673a7c618f1b2ebf.png
446	6.000000	491/792f6a816cca971eb88b4daa8b847047b2fc6d365a1d72b81a798f6d.jpg
447	1.000000	364/cdc2e956169b58dcdc7b31923aa6d8173c601c639eea7f1c27bc02dc.jpg
448	0.000000	1229/854f355dd332a6a477b55005439e98af967d9f3c8f863f93c65da0fa.jpg
449	1.000000	1008/3e3a84e6ec05939038073bac5d034168754a562c5347a1379c176900.jpg
450	1.000000	705/67c674cc45fcc3e8794eced15ef28a1150f3b5f0a3e759bf85edcc5c.jpg
451	1.000000	1199/3b094afd7c37709518ae1feef13eff552240995d76a08e0804544788.jpg
452	1.000000	905/796d53045cfe722a18fdfa21a9cc11e68b27b190c383e186fa7d9198.JPG
453	1.000000	1342/8be3a1d030623c8332a2174302df021eb9b9a1f3b3fd888318eb0888.jpg
454	1.000000	1020/1df3c9cf6feec0e12c8399727bca5aef0cd27d44781b8ea01f7087f5.jpg
455	0.000000	1211/4bd9c1fea4991fe2d5b51b0fb113842654d8f827c051c57900ec6453.jpg
456	1.000000	453/653b11a184b4de3be25d49e826e7daf97372e0886df843599a99f2b4.jpg
457	1.000000	1198/e9575b358a8e895c4da92e2b41e9dd303617e6eeff0afdf5346fa3bc.jpg
458	1.000000	181/1cfcc71c8d8db5fa9062664dc125746ba11e4fcbbca326f0ca8101c5.jpg
459	1.000000	138/d3c0c34d54b12c38db735eb94d4947c4cdf8f613158a01f18f342f86.jpg
460	6.000000	509/c6ce56e6d4b2ec0e3b22c5094a03710d7933cef2d0def2d1c36c618c.jpg
461	1.000000	1021/e70bec97caccbf11ff117e7a1506e937ad7530cf44309f997bb87178.jpg
462	0.000000	988/1ee185d0c9cc2553536bec2e71621766778e537dbcc3dea74210599b.jpg
463	1.000000	1263/0500b4bdd2429b208e5464a7d5c83b240197fc62f5cb381f8b803a26.jpg
464	0.000000	752/1ac6357299b6e67f349e1281700fde15373cf541fb9ad91d7699a90a.jpg
465	0.000000	1025/fbdce371766be70f4486d739f37f4aedc7b3ebca0a2e8cc8da11fec4.jpg
466	0.000000	1298/ea726a7f7eb57f117ec15e28f8772d82c2cfa0ea588c9416cfa3062c.png
467	0.000000	155/003e88a7e978bf4b38067a053ad7161e6e33ab5766309cefcf18a360.jpg
468	1.000000	656/ca54f222a9d3f5cfd147fb1161c2df46e0ba91bec45c9b74aaa1e15d.jpg
469	3.000000	373/d02ecb9732091a759210c1207ff0f5ba070951a77f8bac4f4fdc0463.png
470	1.000000	1015/986bfe2bd5f3c8b0db63266735eb387935433a0e1c5a9ee689a21660.jpg
471	0.000000	466/a8ff56d9f47fc521faf5fd782349c519843a91633c68dd9c15b94506.jpg
472	0.000000	500/fa54410c583532b1895a1d083811feb72de57e5c5043480e5ee63d8c.png
473	2.000000	619/75ab33933cf07dc42170430ae062bda7723ff4ce165846baf1d4b25a.jpg
474	3.000000	753/f0a325e08cd6ac965855e3d3b691185b1e3629d406f788e267e28675.jpg
475	1.000000	466/cd13ff76d03a8be8f223848e4c14db4e06646e9cace4325db58bce2a.jpg
